#-----------------------------------------------------------
# Vivado v2020.1 (64-bit)
# SW Build 2902540 on Wed May 27 19:54:49 MDT 2020
# IP Build 2902112 on Wed May 27 22:43:36 MDT 2020
# Start of session at: Thu Mar 17 16:46:29 2022
# Process ID: 8568
# Current directory: D:/Documents/DE1BUCHTA228812/DIGITAL-ELECTRONICS-1/labs/06-counter/counter
# Command line: vivado.exe -gui_launcher_event rodinguilauncherevent8916 D:\Documents\DE1BUCHTA228812\DIGITAL-ELECTRONICS-1\labs\06-counter\counter\counter.xpr
# Log file: D:/Documents/DE1BUCHTA228812/DIGITAL-ELECTRONICS-1/labs/06-counter/counter/vivado.log
# Journal file: D:/Documents/DE1BUCHTA228812/DIGITAL-ELECTRONICS-1/labs/06-counter/counter\vivado.jou
#-----------------------------------------------------------
start_gui
open_project D:/Documents/DE1BUCHTA228812/DIGITAL-ELECTRONICS-1/labs/06-counter/counter/counter.xpr
Scanning sources...
Finished scanning sources
INFO: [IP_Flow 19-234] Refreshing IP repositories
INFO: [IP_Flow 19-1704] No user IP repositories specified
INFO: [IP_Flow 19-2313] Loaded Vivado IP repository 'C:/APPZ/Xilinx/Vivado/2020.1/data/ip'.
update_compile_order -fileset sources_1
set_property top top [get_filesets sim_1]
set_property top_lib xil_defaultlib [get_filesets sim_1]
update_compile_order -fileset sim_1
launch_simulation
Command: launch_simulation 
INFO: [Vivado 12-5682] Launching behavioral simulation in 'D:/Documents/DE1BUCHTA228812/DIGITAL-ELECTRONICS-1/labs/06-counter/counter/counter.sim/sim_1/behav/xsim'
INFO: [SIM-utils-51] Simulation object is 'sim_1'
INFO: [SIM-utils-54] Inspecting design source files for 'top' in fileset 'sim_1'...
INFO: [USF-XSim-97] Finding global include files...
INFO: [USF-XSim-98] Fetching design files from 'sim_1'...
INFO: [USF-XSim-2] XSim::Compile design
INFO: [USF-XSim-61] Executing 'COMPILE and ANALYZE' step in 'D:/Documents/DE1BUCHTA228812/DIGITAL-ELECTRONICS-1/labs/06-counter/counter/counter.sim/sim_1/behav/xsim'
"xvhdl --incr --relax -prj top_vhdl.prj"
INFO: [VRFC 10-163] Analyzing VHDL file "D:/Documents/DE1BUCHTA228812/DIGITAL-ELECTRONICS-1/labs/06-counter/counter/counter.srcs/sources_1/new/hex_7seg.vhd" into library xil_defaultlib
INFO: [VRFC 10-3107] analyzing entity 'hex_7seg'
INFO: [VRFC 10-163] Analyzing VHDL file "D:/Documents/DE1BUCHTA228812/DIGITAL-ELECTRONICS-1/labs/06-counter/counter/counter.srcs/sources_1/new/top.vhd" into library xil_defaultlib
INFO: [VRFC 10-3107] analyzing entity 'top'
INFO: [USF-XSim-69] 'compile' step finished in '2' seconds
INFO: [USF-XSim-3] XSim::Elaborate design
INFO: [USF-XSim-61] Executing 'ELABORATE' step in 'D:/Documents/DE1BUCHTA228812/DIGITAL-ELECTRONICS-1/labs/06-counter/counter/counter.sim/sim_1/behav/xsim'
"xelab -wto ff677dcc03d746e69b862660cc52ab27 --incr --debug typical --relax --mt 2 -L xil_defaultlib -L secureip --snapshot top_behav xil_defaultlib.top -log elaborate.log"
Vivado Simulator 2020.1
Copyright 1986-1999, 2001-2020 Xilinx, Inc. All Rights Reserved.
Running: C:/APPZ/Xilinx/Vivado/2020.1/bin/unwrapped/win64.o/xelab.exe -wto ff677dcc03d746e69b862660cc52ab27 --incr --debug typical --relax --mt 2 -L xil_defaultlib -L secureip --snapshot top_behav xil_defaultlib.top -log elaborate.log 
Using 2 slave threads.
Starting static elaboration
Completed static elaboration
Starting simulation data flow analysis
Completed simulation data flow analysis
Time Resolution for simulation is 1ps
Compiling package std.standard
Compiling package std.textio
Compiling package ieee.std_logic_1164
Compiling package ieee.numeric_std
Compiling architecture behavioral of entity xil_defaultlib.clock_enable [\clock_enable(g_max=50000000)\]
Compiling architecture behavioral of entity xil_defaultlib.cnt_up_down [cnt_up_down_default]
Compiling architecture behavioral of entity xil_defaultlib.hex_7seg [hex_7seg_default]
Compiling architecture behavioral of entity xil_defaultlib.top
Built simulation snapshot top_behav

****** Webtalk v2020.1 (64-bit)
  **** SW Build 2902540 on Wed May 27 19:54:49 MDT 2020
  **** IP Build 2902112 on Wed May 27 22:43:36 MDT 2020
    ** Copyright 1986-2020 Xilinx, Inc. All Rights Reserved.

source D:/Documents/DE1BUCHTA228812/DIGITAL-ELECTRONICS-1/labs/06-counter/counter/counter.sim/sim_1/behav/xsim/xsim.dir/top_behav/webtalk/xsim_webtalk.tcl -notrace
INFO: [Common 17-186] 'D:/Documents/DE1BUCHTA228812/DIGITAL-ELECTRONICS-1/labs/06-counter/counter/counter.sim/sim_1/behav/xsim/xsim.dir/top_behav/webtalk/usage_statistics_ext_xsim.xml' has been successfully sent to Xilinx on Thu Mar 17 16:50:15 2022. For additional details about this file, please refer to the WebTalk help file at C:/APPZ/Xilinx/Vivado/2020.1/doc/webtalk_introduction.html.
INFO: [Common 17-206] Exiting Webtalk at Thu Mar 17 16:50:15 2022...
run_program: Time (s): cpu = 00:00:00 ; elapsed = 00:00:06 . Memory (MB): peak = 1020.293 ; gain = 0.000
INFO: [USF-XSim-69] 'elaborate' step finished in '6' seconds
INFO: [USF-XSim-4] XSim::Simulate design
INFO: [USF-XSim-61] Executing 'SIMULATE' step in 'D:/Documents/DE1BUCHTA228812/DIGITAL-ELECTRONICS-1/labs/06-counter/counter/counter.sim/sim_1/behav/xsim'
INFO: [USF-XSim-98] *** Running xsim
   with args "top_behav -key {Behavioral:sim_1:Functional:top} -tclbatch {top.tcl} -log {simulate.log}"
INFO: [USF-XSim-8] Loading simulator feature
Vivado Simulator 2020.1
Time resolution is 1 ps
source top.tcl
# set curr_wave [current_wave_config]
# if { [string length $curr_wave] == 0 } {
#   if { [llength [get_objects]] > 0} {
#     add_wave /
#     set_property needs_save false [current_wave_config]
#   } else {
#      send_msg_id Add_Wave-1 WARNING "No top level signals found. Simulator will start without a wave window. If you want to open a wave window go to 'File->New Waveform Configuration' or type 'create_wave_config' in the TCL console."
#   }
# }
# run 1000ns
INFO: [USF-XSim-96] XSim completed. Design snapshot 'top_behav' loaded.
INFO: [USF-XSim-97] XSim simulation ran for 1000ns
launch_simulation: Time (s): cpu = 00:00:07 ; elapsed = 00:00:12 . Memory (MB): peak = 1020.293 ; gain = 0.000
set_property top tb_cnt_up_down [get_filesets sim_1]
set_property top_lib xil_defaultlib [get_filesets sim_1]
update_compile_order -fileset sim_1
launch_simulation
Command: launch_simulation 
boost::filesystem::remove: The process cannot access the file because it is being used by another process: "D:/Documents/DE1BUCHTA228812/DIGITAL-ELECTRONICS-1/labs/06-counter/counter/counter.sim/sim_1/behav/xsim/simulate.log"
launch_simulation
Command: launch_simulation 
boost::filesystem::remove: The process cannot access the file because it is being used by another process: "D:/Documents/DE1BUCHTA228812/DIGITAL-ELECTRONICS-1/labs/06-counter/counter/counter.sim/sim_1/behav/xsim/simulate.log"
launch_simulation
Command: launch_simulation 
boost::filesystem::remove: The process cannot access the file because it is being used by another process: "D:/Documents/DE1BUCHTA228812/DIGITAL-ELECTRONICS-1/labs/06-counter/counter/counter.sim/sim_1/behav/xsim/simulate.log"
set_property top top [get_filesets sim_1]
set_property top_lib xil_defaultlib [get_filesets sim_1]
update_compile_order -fileset sim_1
reset_run synth_1
WARNING: [Vivado 12-1017] Problems encountered:
1. Failed to delete one or more files in run directory D:/Documents/DE1BUCHTA228812/DIGITAL-ELECTRONICS-1/labs/06-counter/counter/counter.runs/synth_1

launch_runs impl_1 -to_step write_bitstream -jobs 4
[Thu Mar 17 16:52:35 2022] Launched synth_1...
Run output will be captured here: D:/Documents/DE1BUCHTA228812/DIGITAL-ELECTRONICS-1/labs/06-counter/counter/counter.runs/synth_1/runme.log
[Thu Mar 17 16:52:35 2022] Launched impl_1...
Run output will be captured here: D:/Documents/DE1BUCHTA228812/DIGITAL-ELECTRONICS-1/labs/06-counter/counter/counter.runs/impl_1/runme.log
set_property top tb_cnt_up_down [get_filesets sim_1]
set_property top_lib xil_defaultlib [get_filesets sim_1]
update_compile_order -fileset sim_1
launch_simulation
Command: launch_simulation 
boost::filesystem::remove: The process cannot access the file because it is being used by another process: "D:/Documents/DE1BUCHTA228812/DIGITAL-ELECTRONICS-1/labs/06-counter/counter/counter.sim/sim_1/behav/xsim/simulate.log"
launch_simulation
Command: launch_simulation 
boost::filesystem::remove: The process cannot access the file because it is being used by another process: "D:/Documents/DE1BUCHTA228812/DIGITAL-ELECTRONICS-1/labs/06-counter/counter/counter.sim/sim_1/behav/xsim/simulate.log"
launch_simulation
Command: launch_simulation 
boost::filesystem::remove: The process cannot access the file because it is being used by another process: "D:/Documents/DE1BUCHTA228812/DIGITAL-ELECTRONICS-1/labs/06-counter/counter/counter.sim/sim_1/behav/xsim/simulate.log"
close_sim
INFO: [Simtcl 6-16] Simulation closed
close_sim: Time (s): cpu = 00:00:02 ; elapsed = 00:00:07 . Memory (MB): peak = 1020.293 ; gain = 0.000
launch_simulation
Command: launch_simulation 
INFO: [Vivado 12-5682] Launching behavioral simulation in 'D:/Documents/DE1BUCHTA228812/DIGITAL-ELECTRONICS-1/labs/06-counter/counter/counter.sim/sim_1/behav/xsim'
INFO: [SIM-utils-51] Simulation object is 'sim_1'
INFO: [SIM-utils-54] Inspecting design source files for 'tb_cnt_up_down' in fileset 'sim_1'...
INFO: [USF-XSim-97] Finding global include files...
INFO: [USF-XSim-98] Fetching design files from 'sim_1'...
INFO: [USF-XSim-2] XSim::Compile design
INFO: [USF-XSim-61] Executing 'COMPILE and ANALYZE' step in 'D:/Documents/DE1BUCHTA228812/DIGITAL-ELECTRONICS-1/labs/06-counter/counter/counter.sim/sim_1/behav/xsim'
"xvhdl --incr --relax -prj tb_cnt_up_down_vhdl.prj"
INFO: [VRFC 10-163] Analyzing VHDL file "D:/Documents/DE1BUCHTA228812/DIGITAL-ELECTRONICS-1/labs/06-counter/counter/counter.srcs/sim_1/new/tb_cnt_up_down.vhd" into library xil_defaultlib
INFO: [VRFC 10-3107] analyzing entity 'tb_cnt_up_down'
INFO: [USF-XSim-69] 'compile' step finished in '1' seconds
INFO: [USF-XSim-3] XSim::Elaborate design
INFO: [USF-XSim-61] Executing 'ELABORATE' step in 'D:/Documents/DE1BUCHTA228812/DIGITAL-ELECTRONICS-1/labs/06-counter/counter/counter.sim/sim_1/behav/xsim'
"xelab -wto ff677dcc03d746e69b862660cc52ab27 --incr --debug typical --relax --mt 2 -L xil_defaultlib -L secureip --snapshot tb_cnt_up_down_behav xil_defaultlib.tb_cnt_up_down -log elaborate.log"
Vivado Simulator 2020.1
Copyright 1986-1999, 2001-2020 Xilinx, Inc. All Rights Reserved.
Running: C:/APPZ/Xilinx/Vivado/2020.1/bin/unwrapped/win64.o/xelab.exe -wto ff677dcc03d746e69b862660cc52ab27 --incr --debug typical --relax --mt 2 -L xil_defaultlib -L secureip --snapshot tb_cnt_up_down_behav xil_defaultlib.tb_cnt_up_down -log elaborate.log 
Using 2 slave threads.
Starting static elaboration
Completed static elaboration
Starting simulation data flow analysis
Completed simulation data flow analysis
Time Resolution for simulation is 1ps
Compiling package std.standard
Compiling package std.textio
Compiling package ieee.std_logic_1164
Compiling package ieee.numeric_std
Compiling architecture behavioral of entity xil_defaultlib.cnt_up_down [\cnt_up_down(g_cnt_width=5)\]
Compiling architecture testbench of entity xil_defaultlib.tb_cnt_up_down
Built simulation snapshot tb_cnt_up_down_behav
INFO: [USF-XSim-69] 'elaborate' step finished in '2' seconds
INFO: [USF-XSim-4] XSim::Simulate design
INFO: [USF-XSim-61] Executing 'SIMULATE' step in 'D:/Documents/DE1BUCHTA228812/DIGITAL-ELECTRONICS-1/labs/06-counter/counter/counter.sim/sim_1/behav/xsim'
INFO: [USF-XSim-98] *** Running xsim
   with args "tb_cnt_up_down_behav -key {Behavioral:sim_1:Functional:tb_cnt_up_down} -tclbatch {tb_cnt_up_down.tcl} -log {simulate.log}"
INFO: [USF-XSim-8] Loading simulator feature
Vivado Simulator 2020.1
Time resolution is 1 ps
source tb_cnt_up_down.tcl
# set curr_wave [current_wave_config]
# if { [string length $curr_wave] == 0 } {
#   if { [llength [get_objects]] > 0} {
#     add_wave /
#     set_property needs_save false [current_wave_config]
#   } else {
#      send_msg_id Add_Wave-1 WARNING "No top level signals found. Simulator will start without a wave window. If you want to open a wave window go to 'File->New Waveform Configuration' or type 'create_wave_config' in the TCL console."
#   }
# }
# run 1000ns
Note: Stimulus process started
Time: 0 ps  Iteration: 0  Process: /tb_cnt_up_down/p_stimulus  File: D:/Documents/DE1BUCHTA228812/DIGITAL-ELECTRONICS-1/labs/06-counter/counter/counter.srcs/sim_1/new/tb_cnt_up_down.vhd
Note: Stimulus process finished
Time: 270 ns  Iteration: 0  Process: /tb_cnt_up_down/p_stimulus  File: D:/Documents/DE1BUCHTA228812/DIGITAL-ELECTRONICS-1/labs/06-counter/counter/counter.srcs/sim_1/new/tb_cnt_up_down.vhd
INFO: [USF-XSim-96] XSim completed. Design snapshot 'tb_cnt_up_down_behav' loaded.
INFO: [USF-XSim-97] XSim simulation ran for 1000ns
launch_simulation: Time (s): cpu = 00:00:03 ; elapsed = 00:00:06 . Memory (MB): peak = 1020.293 ; gain = 0.000
run all
relaunch_sim
Command: launch_simulation -simset sim_1 -mode behavioral
INFO: [Vivado 12-5682] Launching behavioral simulation in 'D:/Documents/DE1BUCHTA228812/DIGITAL-ELECTRONICS-1/labs/06-counter/counter/counter.sim/sim_1/behav/xsim'
INFO: [SIM-utils-51] Simulation object is 'sim_1'
INFO: [SIM-utils-54] Inspecting design source files for 'tb_cnt_up_down' in fileset 'sim_1'...
INFO: [USF-XSim-97] Finding global include files...
INFO: [USF-XSim-98] Fetching design files from 'sim_1'...
INFO: [USF-XSim-2] XSim::Compile design
INFO: [USF-XSim-61] Executing 'COMPILE and ANALYZE' step in 'D:/Documents/DE1BUCHTA228812/DIGITAL-ELECTRONICS-1/labs/06-counter/counter/counter.sim/sim_1/behav/xsim'
"xvhdl --incr --relax -prj tb_cnt_up_down_vhdl.prj"
INFO: [VRFC 10-163] Analyzing VHDL file "D:/Documents/DE1BUCHTA228812/DIGITAL-ELECTRONICS-1/labs/06-counter/counter/counter.srcs/sim_1/new/tb_cnt_up_down.vhd" into library xil_defaultlib
INFO: [VRFC 10-3107] analyzing entity 'tb_cnt_up_down'
INFO: [USF-XSim-69] 'compile' step finished in '1' seconds
Command: launch_simulation -simset sim_1 -mode behavioral
INFO: [Vivado 12-5682] Launching behavioral simulation in 'D:/Documents/DE1BUCHTA228812/DIGITAL-ELECTRONICS-1/labs/06-counter/counter/counter.sim/sim_1/behav/xsim'
INFO: [USF-XSim-3] XSim::Elaborate design
INFO: [USF-XSim-61] Executing 'ELABORATE' step in 'D:/Documents/DE1BUCHTA228812/DIGITAL-ELECTRONICS-1/labs/06-counter/counter/counter.sim/sim_1/behav/xsim'
"xelab -wto ff677dcc03d746e69b862660cc52ab27 --incr --debug typical --relax --mt 2 -L xil_defaultlib -L secureip --snapshot tb_cnt_up_down_behav xil_defaultlib.tb_cnt_up_down -log elaborate.log"
Vivado Simulator 2020.1
Copyright 1986-1999, 2001-2020 Xilinx, Inc. All Rights Reserved.
Running: C:/APPZ/Xilinx/Vivado/2020.1/bin/unwrapped/win64.o/xelab.exe -wto ff677dcc03d746e69b862660cc52ab27 --incr --debug typical --relax --mt 2 -L xil_defaultlib -L secureip --snapshot tb_cnt_up_down_behav xil_defaultlib.tb_cnt_up_down -log elaborate.log 
Using 2 slave threads.
Starting static elaboration
Completed static elaboration
Starting simulation data flow analysis
Completed simulation data flow analysis
Time Resolution for simulation is 1ps
Compiling package std.standard
Compiling package std.textio
Compiling package ieee.std_logic_1164
Compiling package ieee.numeric_std
Compiling architecture behavioral of entity xil_defaultlib.cnt_up_down [\cnt_up_down(g_cnt_width=5)\]
Compiling architecture testbench of entity xil_defaultlib.tb_cnt_up_down
Built simulation snapshot tb_cnt_up_down_behav
INFO: [USF-XSim-69] 'elaborate' step finished in '2' seconds
Vivado Simulator 2020.1
Time resolution is 1 ps
Note: Stimulus process started
Time: 0 ps  Iteration: 0  Process: /tb_cnt_up_down/p_stimulus  File: D:/Documents/DE1BUCHTA228812/DIGITAL-ELECTRONICS-1/labs/06-counter/counter/counter.srcs/sim_1/new/tb_cnt_up_down.vhd
Note: Stimulus process finished
Time: 100 ns  Iteration: 0  Process: /tb_cnt_up_down/p_stimulus  File: D:/Documents/DE1BUCHTA228812/DIGITAL-ELECTRONICS-1/labs/06-counter/counter/counter.srcs/sim_1/new/tb_cnt_up_down.vhd
relaunch_sim: Time (s): cpu = 00:00:01 ; elapsed = 00:00:06 . Memory (MB): peak = 1020.293 ; gain = 0.000
set_property top top [current_fileset]
update_compile_order -fileset sources_1
reset_run synth_1
WARNING: [Vivado 12-1017] Problems encountered:
1. Failed to delete one or more files in run directory D:/Documents/DE1BUCHTA228812/DIGITAL-ELECTRONICS-1/labs/06-counter/counter/counter.runs/synth_1

launch_runs impl_1 -to_step write_bitstream -jobs 4
[Thu Mar 17 17:07:22 2022] Launched synth_1...
Run output will be captured here: D:/Documents/DE1BUCHTA228812/DIGITAL-ELECTRONICS-1/labs/06-counter/counter/counter.runs/synth_1/runme.log
[Thu Mar 17 17:07:22 2022] Launched impl_1...
Run output will be captured here: D:/Documents/DE1BUCHTA228812/DIGITAL-ELECTRONICS-1/labs/06-counter/counter/counter.runs/impl_1/runme.log
open_hw_manager
connect_hw_server -allow_non_jtag
INFO: [Labtools 27-2285] Connecting to hw_server url TCP:localhost:3121
INFO: [Labtools 27-2222] Launching hw_server...
INFO: [Labtools 27-2221] Launch Output:

****** Xilinx hw_server v2020.1
  **** Build date : May 27 2020 at 20:24:38
    ** Copyright 1986-2020 Xilinx, Inc. All Rights Reserved.


INFO: [Labtools 27-3415] Connecting to cs_server url TCP:localhost:3042
INFO: [Labtools 27-3417] Launching cs_server...
INFO: [Labtools 27-2221] Launch Output:


****** Xilinx cs_server v2020.1.0
  **** Build date : May 14 2020-03:10:29
    ** Copyright 2017-2020 Xilinx, Inc. All Rights Reserved.



connect_hw_server: Time (s): cpu = 00:00:00 ; elapsed = 00:00:07 . Memory (MB): peak = 1020.293 ; gain = 0.000
open_hw_target
INFO: [Labtoolstcl 44-466] Opening hw_target localhost:3121/xilinx_tcf/Digilent/210292AD2DB8A
current_hw_device [get_hw_devices xc7a50t_0]
refresh_hw_device -update_hw_probes false [lindex [get_hw_devices xc7a50t_0] 0]
INFO: [Labtools 27-1434] Device xc7a50t (JTAG device index = 0) is programmed with a design that has no supported debug core(s) in it.
set_property PROBES.FILE {} [get_hw_devices xc7a50t_0]
set_property FULL_PROBES.FILE {} [get_hw_devices xc7a50t_0]
set_property PROGRAM.FILE {D:/Documents/DE1BUCHTA228812/DIGITAL-ELECTRONICS-1/labs/06-counter/counter/counter.runs/impl_1/top.bit} [get_hw_devices xc7a50t_0]
program_hw_devices [get_hw_devices xc7a50t_0]
INFO: [Labtools 27-3164] End of startup status: HIGH
refresh_hw_device [lindex [get_hw_devices xc7a50t_0] 0]
INFO: [Labtools 27-1434] Device xc7a50t (JTAG device index = 0) is programmed with a design that has no supported debug core(s) in it.
ERROR: [Labtoolstcl 44-513] HW Target shutdown. Closing target: localhost:3121/xilinx_tcf/Digilent/210292AD2DB8A
save_wave_config {D:/Documents/DE1BUCHTA228812/DIGITAL-ELECTRONICS-1/labs/06-counter/counter/tb_cnt_up_down_behav.wcfg}
add_files -fileset sim_1 -norecurse D:/Documents/DE1BUCHTA228812/DIGITAL-ELECTRONICS-1/labs/06-counter/counter/tb_cnt_up_down_behav.wcfg
ERROR: [Vivado 12-106] *** Exception: java.io.FileNotFoundException: C:\Users\NEWDEF~1\AppData\Local\Temp\Vivado11387586601613367808\sigasi.xml (The system cannot find the path specified) (See D:/Documents/DE1BUCHTA228812/DIGITAL-ELECTRONICS-1/labs/06-counter/counter/vivado_pid8568.debug)
set_property xsim.view D:/Documents/DE1BUCHTA228812/DIGITAL-ELECTRONICS-1/labs/06-counter/counter/tb_cnt_up_down_behav.wcfg [get_filesets sim_1]
ERROR: [Vivado 12-106] *** Exception: java.io.FileNotFoundException: C:\Users\NEWDEF~1\AppData\Local\Temp\Vivado11387586601613367808\sigasi.xml (The system cannot find the path specified) (See D:/Documents/DE1BUCHTA228812/DIGITAL-ELECTRONICS-1/labs/06-counter/counter/vivado_pid8568.debug)
ERROR: [Vivado 12-106] *** Exception: java.io.FileNotFoundException: C:\Users\NEWDEF~1\AppData\Local\Temp\Vivado11387586601613367808\sigasi.xml (The system cannot find the path specified) (See D:/Documents/DE1BUCHTA228812/DIGITAL-ELECTRONICS-1/labs/06-counter/counter/vivado_pid8568.debug)
ERROR: [Common 17-39] 'set_property' failed due to earlier errors.
close_sim
INFO: [Simtcl 6-16] Simulation closed
exit
INFO: [Common 17-206] Exiting Vivado at Thu Mar 17 17:12:36 2022...
